\BOOKMARK [1][-]{section.1}{\376\377\000は\000じ\000め\000に}{}% 1
\BOOKMARK [1][-]{section.2}{\376\377\000研\000究\000背\000景\000・\000目\000的}{}% 2
\BOOKMARK [1][-]{section.3}{\376\377\000関\000連\000研\000究}{}% 3
\BOOKMARK [2][-]{subsection.3.1}{\376\377\000世\000界\000モ\000デ\000ル}{section.3}% 4
\BOOKMARK [3][-]{subsubsection.3.1.1}{\376\377\000世\000界\000モ\000デ\000ル\000の\000分\000類}{subsection.3.1}% 5
\BOOKMARK [3][-]{subsubsection.3.1.2}{\376\377\000D\000r\000e\000a\000m\000e\000r}{subsection.3.1}% 6
\BOOKMARK [3][-]{subsubsection.3.1.3}{\376\377\000T\000D\000-\000M\000P\000C\0002}{subsection.3.1}% 7
\BOOKMARK [1][-]{section.4}{\376\377\000実\000験\000・\000結\000果}{}% 8
\BOOKMARK [2][-]{subsection.4.1}{\376\377\000V\000i\000s\000u\000a\000l\000\040\000P\000i\000n\000p\000a\000d}{section.4}% 9
\BOOKMARK [2][-]{subsection.4.2}{\376\377\000P\000i\000n\000p\000a\000d\000-\000e\000a\000s\000y}{section.4}% 10
\BOOKMARK [3][-]{subsubsection.4.2.1}{\376\377\000サ\000ブ\000ゴ\000ー\000ル\000更\000新\000頻\000度\000の\000変\000更}{subsection.4.2}% 11
\BOOKMARK [3][-]{subsubsection.4.2.2}{\376\377\000方\000策\000エ\000ン\000ト\000ロ\000ピ\000ー\000の\000変\000更}{subsection.4.2}% 12
\BOOKMARK [3][-]{subsubsection.4.2.3}{\376\377\000報\000酬\000割\000り\000当\000て\000係\000数\000の\000変\000更}{subsection.4.2}% 13
\BOOKMARK [3][-]{subsubsection.4.2.4}{\376\377\000P\000i\000n\000p\000a\000d\000の\000報\000酬\000設\000計\000の\000変\000更}{subsection.4.2}% 14
\BOOKMARK [2][-]{subsection.4.3}{\376\377\000D\000i\000r\000e\000c\000t\000o\000r\000実\000験\000結\000果}{section.4}% 15
\BOOKMARK [2][-]{subsection.4.4}{\376\377\000A\000t\000a\000r\000i\000に\000お\000け\000る\000解\000析}{section.4}% 16
\BOOKMARK [2][-]{subsection.4.5}{\376\377\000階\000層\000数\000の\000影\000響}{section.4}% 17
\BOOKMARK [1][-]{section.5}{\376\377\000考\000察\000・\000展\000望}{}% 18
\BOOKMARK [1][-]{section.6}{\376\377\000ま\000と\000め}{}% 19
\BOOKMARK [1][-]{section.7}{\376\377\000A\000p\000p\000e\000n\000d\000i\000x}{}% 20
\BOOKMARK [2][-]{subsection.7.1}{\376\377\000R\000S\000S\000M}{section.7}% 21
\BOOKMARK [2][-]{subsection.7.2}{\376\377\000H\000y\000p\000e\000r\000p\000a\000r\000a\000m\000e\000t\000e\000r\000s}{section.7}% 22
